android/InnoLock_App/app/build/intermediates/manifest_merge_blame_file/debug/manifest-merger-blame-debug-report.txt
1<?xml version="1.0" encoding="utf-8"?>
2<manifest xmlns:android="http://schemas.android.com/apk/res/android"
3    package="br.com.innobrax.innolockteste"
4    android:versionCode="4"
5    android:versionName="1.3-ble-gradle-6.5" >
6
7    <uses-sdk
8        android:minSdkVersion="23"
8-->src\main\AndroidManifest.xml
9        android:targetSdkVersion="33" />
9-->src\main\AndroidManifest.xml
10
11    <uses-feature
11-->src\main\AndroidManifest.xml:5:5-7:35
12        android:name="android.hardware.bluetooth_le"
12-->src\main\AndroidManifest.xml:6:9-53
13        android:required="true" />
13-->src\main\AndroidManifest.xml:7:9-32
14
15    <!-- Android 11 ou inferior -->
16    <uses-permission
16-->src\main\AndroidManifest.xml:10:5-12:38
17        android:name="android.permission.BLUETOOTH"
17-->src\main\AndroidManifest.xml:11:9-52
18        android:maxSdkVersion="30" />
18-->src\main\AndroidManifest.xml:12:9-35
19    <uses-permission
19-->src\main\AndroidManifest.xml:13:5-15:38
20        android:name="android.permission.BLUETOOTH_ADMIN"
20-->src\main\AndroidManifest.xml:14:9-58
21        android:maxSdkVersion="30" />
21-->src\main\AndroidManifest.xml:15:9-35
22    <uses-permission
22-->src\main\AndroidManifest.xml:16:5-18:38
23        android:name="android.permission.ACCESS_FINE_LOCATION"
23-->src\main\AndroidManifest.xml:17:9-63
24        android:maxSdkVersion="30" />
24-->src\main\AndroidManifest.xml:18:9-35
25
26    <!-- Android 12 ou superior -->
27    <uses-permission
27-->src\main\AndroidManifest.xml:21:5-23:58
28        android:name="android.permission.BLUETOOTH_SCAN"
28-->src\main\AndroidManifest.xml:22:9-57
29        android:usesPermissionFlags="neverForLocation" />
29-->src\main\AndroidManifest.xml:23:9-55
30    <uses-permission android:name="android.permission.BLUETOOTH_CONNECT" />
30-->src\main\AndroidManifest.xml:24:5-76
30-->src\main\AndroidManifest.xml:24:22-73
31
32    <application
32-->src\main\AndroidManifest.xml:26:5-38:19
33        android:allowBackup="true"
33-->src\main\AndroidManifest.xml:27:9-35
34        android:debuggable="true"
35        android:extractNativeLibs="false"
36        android:label="Inno Lock BLE"
36-->src\main\AndroidManifest.xml:28:9-38
37        android:theme="@style/AppTheme" >
37-->src\main\AndroidManifest.xml:29:9-40
38        <activity
38-->src\main\AndroidManifest.xml:30:9-37:20
39            android:name="br.com.innobrax.innolockteste.MainActivity"
39-->src\main\AndroidManifest.xml:31:13-41
40            android:exported="true" >
40-->src\main\AndroidManifest.xml:32:13-36
41            <intent-filter>
41-->src\main\AndroidManifest.xml:33:13-36:29
42                <action android:name="android.intent.action.MAIN" />
42-->src\main\AndroidManifest.xml:34:17-69
42-->src\main\AndroidManifest.xml:34:25-66
43
44                <category android:name="android.intent.category.LAUNCHER" />
44-->src\main\AndroidManifest.xml:35:17-77
44-->src\main\AndroidManifest.xml:35:27-74
45            </intent-filter>
46        </activity>
47    </application>
48
49</manifest>